<?xml version="1.0" encoding="UTF-8"?>
<testsuite name="com.ssg.dao.TodoDAOTests" tests="1" skipped="0" failures="0" errors="0" timestamp="2025-04-08T03:52:55" hostname="DESKTOP-TK57VD2" time="0.988">
  <properties/>
  <testcase name="testInsert()" classname="com.ssg.dao.TodoDAOTests" time="0.988"/>
  <system-out><![CDATA[]]></system-out>
  <system-err><![CDATA[]]></system-err>
</testsuite>
