<?xml version="1.0" encoding="UTF-8"?>
<testsuite name="com.ssg.dao.TodoDAOTests" tests="1" skipped="0" failures="0" errors="0" timestamp="2025-04-08T07:01:02" hostname="DESKTOP-TK57VD2" time="0.874">
  <properties/>
  <testcase name="testList()" classname="com.ssg.dao.TodoDAOTests" time="0.874"/>
  <system-out><![CDATA[TodoVO(tno=1, title=공부하기, dueDate=2025-04-08, finished=false)
TodoVO(tno=2, title=놀러가기, dueDate=2025-04-08, finished=true)
TodoVO(tno=3, title=집에가기, dueDate=2025-04-08, finished=true)
TodoVO(tno=4, title=운동하러가기, dueDate=2025-04-08, finished=false)
TodoVO(tno=5, title=Sample Test todovo1, dueDate=2025-04-07, finished=false)
TodoVO(tno=6, title=Sample Test Mapper Register todovo2, dueDate=2025-04-07, finished=true)
]]></system-out>
  <system-err><![CDATA[]]></system-err>
</testsuite>
