<?xml version="1.0" encoding="UTF-8"?>
<testsuite name="com.ssg.service.TodoServiceTests" tests="1" skipped="0" failures="0" errors="0" timestamp="2025-04-09T01:15:18" hostname="NANA" time="0.352">
  <properties/>
  <testcase name="testRegister()" classname="com.ssg.service.TodoServiceTests" time="0.352"/>
  <system-out><![CDATA[10:15:18.312 [Test worker] INFO  com.ssg.service.TodoServiceTests - TodoDTO(tno=null, title=Sample Test Mapper Register todovo4, dueDate=2025-04-09, finished=false)
10:15:18.338 [Test worker] INFO  com.ssg.jdbcex.todo.service.TodoService - TodoVO(tno=null, title=Sample Test Mapper Register todovo4, dueDate=2025-04-09, finished=false)
10:15:18.360 [Test worker] INFO  com.zaxxer.hikari.HikariDataSource - HikariPool-1 - Starting...
10:15:18.591 [Test worker] INFO  com.zaxxer.hikari.pool.HikariPool - HikariPool-1 - Added connection com.mysql.cj.jdbc.ConnectionImpl@6dcd5639
10:15:18.592 [Test worker] INFO  com.zaxxer.hikari.HikariDataSource - HikariPool-1 - Start completed.
10:15:18.615 [Test worker] INFO  com.ssg.service.TodoServiceTests - ==================================
]]></system-out>
  <system-err><![CDATA[]]></system-err>
</testsuite>
